<?xml version="1.0" encoding="UTF-8"?>
<!-- Generated by org.testng.reporters.JUnitReportReporter -->
<testsuite hostname="LAPTOP-63TULI6B" failures="0" tests="1" name="TestCases.OpenNewBankAccount" time="11.543" errors="0" timestamp="25 kwi 2019 12:07:19 GMT" skipped="0">
  <testcase classname="TestCases.OpenNewBankAccount" name="openNewBankAccount" time="11.543"/>
</testsuite> <!-- TestCases.OpenNewBankAccount -->
