<?xml version="1.0" encoding="UTF-8"?>
<!-- Generated by org.testng.reporters.JUnitReportReporter -->
<testsuite hostname="LAPTOP-63TULI6B" failures="0" tests="2" name="TestCases.FindTransaction" time="23.319" errors="0" timestamp="25 kwi 2019 12:11:12 GMT" skipped="0">
  <testcase classname="TestCases.FindTransaction" name="findTran" time="12.129"/>
  <testcase classname="TestCases.FindTransaction" name="findTran" time="11.190"/>
</testsuite> <!-- TestCases.FindTransaction -->
